<?xml version="1.0" encoding="UTF-8"?>
<testsuite name="StatementPrinterTests" tests="2" skipped="0" failures="0" errors="0" timestamp="2022-11-04T13:16:00" hostname="MSI" time="0.139">
  <properties/>
  <testcase name="exampleStatement()" classname="StatementPrinterTests" time="0.129"/>
  <testcase name="statementWithNewPlayTypes()" classname="StatementPrinterTests" time="0.008"/>
  <system-out><![CDATA[]]></system-out>
  <system-err><![CDATA[]]></system-err>
</testsuite>
