<?xml version="1.0" encoding="UTF-8"?>
<testsuite name="StatementPrinterTests" tests="2" skipped="0" failures="0" errors="0" timestamp="2022-11-05T15:03:24" hostname="vm-etu-mslacheheb.local.isima.fr" time="0.442">
  <properties/>
  <testcase name="exampleStatement()" classname="StatementPrinterTests" time="0.42"/>
  <testcase name="statementWithNewPlayTypes()" classname="StatementPrinterTests" time="0.009"/>
  <system-out><![CDATA[]]></system-out>
  <system-err><![CDATA[]]></system-err>
</testsuite>
