<?xml version="1.0" encoding="UTF-8"?>
<testsuite name="StatementPrinterTests" tests="2" skipped="0" failures="0" errors="0" timestamp="2022-11-04T12:36:50" hostname="MSI" time="0.172">
  <properties/>
  <testcase name="exampleStatement()" classname="StatementPrinterTests" time="0.159"/>
  <testcase name="statementWithNewPlayTypes()" classname="StatementPrinterTests" time="0.012"/>
  <system-out><![CDATA[]]></system-out>
  <system-err><![CDATA[]]></system-err>
</testsuite>
